<?xml version="1.0" encoding="utf-8"?><testsuites name="pytest tests"><testsuite name="pytest" errors="0" failures="0" skipped="0" tests="19" time="8.348" timestamp="2026-02-12T17:10:04.988688+00:00" hostname="agent-env-6449a4da-fefe-48d4-abea-145e30aa1163"><testcase classname="backend.tests.test_backend_api.TestUniversities" name="test_get_all_universities" time="0.094" /><testcase classname="backend.tests.test_backend_api.TestUniversities" name="test_get_single_university_ug" time="0.043" /><testcase classname="backend.tests.test_backend_api.TestUniversities" name="test_get_single_university_nvu" time="0.039" /><testcase classname="backend.tests.test_backend_api.TestUniversities" name="test_get_single_university_iasi" time="0.041" /><testcase classname="backend.tests.test_backend_api.TestUniversities" name="test_get_single_university_aau" time="0.042" /><testcase classname="backend.tests.test_backend_api.TestUniversities" name="test_get_single_university_najah" time="0.038" /><testcase classname="backend.tests.test_backend_api.TestUniversities" name="test_get_nonexistent_university" time="0.034" /><testcase classname="backend.tests.test_backend_api.TestCoursesAPI" name="test_get_courses_by_university_ug" time="4.012" /><testcase classname="backend.tests.test_backend_api.TestCoursesAPI" name="test_get_courses_by_university_nvu" time="3.081" /><testcase classname="backend.tests.test_backend_api.TestCoursesAPI" name="test_get_specific_course" time="0.062" /><testcase classname="backend.tests.test_backend_api.TestCoursesAPI" name="test_get_course_modules" time="0.039" /><testcase classname="backend.tests.test_backend_api.TestMCQQuestions" name="test_get_course_questions" time="0.121" /><testcase classname="backend.tests.test_backend_api.TestMCQQuestions" name="test_get_questions_with_difficulty" time="0.123" /><testcase classname="backend.tests.test_backend_api.TestDashboardStats" name="test_get_dashboard_stats" time="0.132" /><testcase classname="backend.tests.test_backend_api.TestVideoEndpoints" name="test_get_video_status" time="0.045" /><testcase classname="backend.tests.test_backend_api.TestVideoEndpoints" name="test_get_course_scripts" time="0.032" /><testcase classname="backend.tests.test_backend_api.TestCourseContent" name="test_get_course_content" time="0.032" /><testcase classname="backend.tests.test_backend_api.TestCourseContent" name="test_get_course_status" time="0.075" /><testcase classname="backend.tests.test_backend_api.TestUGCoursesUnder300MCQ" name="test_identify_ug_courses_under_300" time="0.130" /></testsuite></testsuites>