<?xml version="1.0" encoding="utf-8"?><testsuites name="pytest tests"><testsuite name="pytest" errors="0" failures="1" skipped="0" tests="18" time="2.319" timestamp="2026-02-15T08:48:31.735606+00:00" hostname="agent-env-1261bfea-c87a-4bbb-914f-c2f24716fb78"><testcase classname="backend.tests.test_50_50_presentation.TestAPIHealth" name="test_api_endpoint_returns_data" time="0.269" /><testcase classname="backend.tests.test_50_50_presentation.TestUniversitiesAPI" name="test_get_universities" time="0.116" /><testcase classname="backend.tests.test_50_50_presentation.TestCoursesAPI" name="test_get_courses" time="0.106" /><testcase classname="backend.tests.test_50_50_presentation.TestCoursesAPI" name="test_get_course_questions" time="0.183" /><testcase classname="backend.tests.test_50_50_presentation.TestVideoStreamingAPI" name="test_avatar_video_serves_correctly" time="0.108" /><testcase classname="backend.tests.test_50_50_presentation.TestVideoStreamingAPI" name="test_avatar_video_head_request" time="0.104" /><testcase classname="backend.tests.test_50_50_presentation.TestAudioStreamingAPI" name="test_audio_serves_correctly" time="0.110" /><testcase classname="backend.tests.test_50_50_presentation.TestAudioStreamingAPI" name="test_audio_head_request" time="0.099"><failure message="AttributeError: 'CaseInsensitiveDict' object has no attribute 'lower'">backend/tests/test_50_50_presentation.py:134: in test_audio_head_request
    assert "content-length" in response.headers.lower() or int(response.headers.get("Content-Length", 0)) &gt; 0
                               ^^^^^^^^^^^^^^^^^^^^^^
E   AttributeError: 'CaseInsensitiveDict' object has no attribute 'lower'</failure></testcase><testcase classname="backend.tests.test_50_50_presentation.Test50_50PresentationAPI" name="test_50_50_presentation_serves_html" time="0.102" /><testcase classname="backend.tests.test_50_50_presentation.Test50_50PresentationAPI" name="test_50_50_presentation_contains_avatar_video" time="0.102" /><testcase classname="backend.tests.test_50_50_presentation.Test50_50PresentationAPI" name="test_50_50_presentation_contains_subtitles_toggle" time="0.115" /><testcase classname="backend.tests.test_50_50_presentation.Test50_50PresentationAPI" name="test_50_50_presentation_contains_play_button" time="0.108" /><testcase classname="backend.tests.test_50_50_presentation.Test50_50PresentationAPI" name="test_50_50_presentation_contains_50_50_layout" time="0.102" /><testcase classname="backend.tests.test_50_50_presentation.Test50_50PresentationAPI" name="test_second_50_50_presentation_exists" time="0.103" /><testcase classname="backend.tests.test_50_50_presentation.TestPresentationSubtitles" name="test_presentation_has_hebrew_subtitles_option" time="0.119" /><testcase classname="backend.tests.test_50_50_presentation.TestPresentationSubtitles" name="test_presentation_has_subtitle_data" time="0.104" /><testcase classname="backend.tests.test_50_50_presentation.TestAutoPlayFeature" name="test_presentation_has_autoplay" time="0.122" /><testcase classname="backend.tests.test_50_50_presentation.TestAutoPlayFeature" name="test_presentation_has_muted_for_autoplay" time="0.098" /></testsuite></testsuites>