<?xml version="1.0" encoding="utf-8"?><testsuites name="pytest tests"><testsuite name="pytest" errors="0" failures="0" skipped="0" tests="33" time="29.624" timestamp="2026-02-17T13:47:31.477422+00:00" hostname="agent-env-4a15bd4b-4c4e-4c63-8dfc-8730845d6691"><testcase classname="backend.tests.test_elearning_api.TestHealthAndBasicAPIs" name="test_api_health" time="0.283" /><testcase classname="backend.tests.test_elearning_api.TestHealthAndBasicAPIs" name="test_universities_list" time="0.125" /><testcase classname="backend.tests.test_elearning_api.TestHealthAndBasicAPIs" name="test_university_by_id" time="0.110" /><testcase classname="backend.tests.test_elearning_api.TestCourseCatalog" name="test_courses_by_university" time="4.201" /><testcase classname="backend.tests.test_elearning_api.TestCourseCatalog" name="test_course_detail" time="0.101" /><testcase classname="backend.tests.test_elearning_api.TestCourseCatalog" name="test_course_not_found" time="0.141" /><testcase classname="backend.tests.test_elearning_api.TestCourseModules" name="test_course_modules_list" time="0.107" /><testcase classname="backend.tests.test_elearning_api.TestCourseModules" name="test_module_ordering" time="0.132" /><testcase classname="backend.tests.test_elearning_api.TestMCQQuestions" name="test_course_questions" time="0.172" /><testcase classname="backend.tests.test_elearning_api.TestMCQQuestions" name="test_questions_pagination" time="0.191" /><testcase classname="backend.tests.test_elearning_api.TestPresentations" name="test_presentation_html" time="0.171" /><testcase classname="backend.tests.test_elearning_api.TestPresentations" name="test_presentation_not_found" time="0.104" /><testcase classname="backend.tests.test_elearning_api.TestPresentations" name="test_audio_file" time="0.267" /><testcase classname="backend.tests.test_elearning_api.TestPresentations" name="test_audio_head_request" time="0.118" /><testcase classname="backend.tests.test_elearning_api.TestPresentations" name="test_audio_not_found" time="0.139" /><testcase classname="backend.tests.test_elearning_api.TestModuleContent" name="test_module_content_info" time="0.122" /><testcase classname="backend.tests.test_elearning_api.TestDifferentModuleIDs" name="test_presentation_for_module[UG_PHARM_Y1_S1_C01_M01]" time="0.116" /><testcase classname="backend.tests.test_elearning_api.TestDifferentModuleIDs" name="test_presentation_for_module[UG_PHARM_Y1_S1_C01_M03]" time="0.121" /><testcase classname="backend.tests.test_elearning_api.TestDifferentModuleIDs" name="test_presentation_for_module[UG_DENT_Y5_S2_C08_M02]" time="0.122" /><testcase classname="backend.tests.test_elearning_api.TestDifferentModuleIDs" name="test_audio_for_module[UG_PHARM_Y1_S1_C01_M01]" time="0.105" /><testcase classname="backend.tests.test_elearning_api.TestDifferentModuleIDs" name="test_audio_for_module[UG_PHARM_Y1_S1_C01_M03]" time="0.120" /><testcase classname="backend.tests.test_elearning_api.TestPresentationContentValidation" name="test_presentation_has_slides" time="0.111" /><testcase classname="backend.tests.test_elearning_api.TestPresentationContentValidation" name="test_presentation_has_images" time="0.150" /><testcase classname="backend.tests.test_elearning_api.TestMultipleUniversities" name="test_university_exists[UG_TBILISI-University of Georgia]" time="0.126" /><testcase classname="backend.tests.test_elearning_api.TestMultipleUniversities" name="test_university_exists[NVU-New Vision University]" time="0.122" /><testcase classname="backend.tests.test_elearning_api.TestMultipleUniversities" name="test_university_exists[IASI_ROMANIA-University of Medicine and Pharmacy Ia\u0219i]" time="0.109" /><testcase classname="backend.tests.test_elearning_api.TestMultipleUniversities" name="test_university_exists[AAU_AMMAN-Al-Ahliyya Amman University]" time="0.123" /><testcase classname="backend.tests.test_elearning_api.TestMultipleUniversities" name="test_university_exists[NAJAH-An-Najah National University]" time="0.118" /><testcase classname="backend.tests.test_elearning_api.TestMultipleUniversities" name="test_university_has_courses[UG_TBILISI]" time="4.154" /><testcase classname="backend.tests.test_elearning_api.TestMultipleUniversities" name="test_university_has_courses[NVU]" time="3.220" /><testcase classname="backend.tests.test_elearning_api.TestMultipleUniversities" name="test_university_has_courses[IASI_ROMANIA]" time="2.677" /><testcase classname="backend.tests.test_elearning_api.TestMultipleUniversities" name="test_university_has_courses[AAU_AMMAN]" time="4.457" /><testcase classname="backend.tests.test_elearning_api.TestMultipleUniversities" name="test_university_has_courses[NAJAH]" time="6.969" /></testsuite></testsuites>